<?xml version="1.0" encoding="UTF-8"?>
<coverage generated="1571680708443" clover="3.2.0">
  <project timestamp="1571680708443" name="All files">
    <metrics statements="49" coveredstatements="49" conditionals="12" coveredconditionals="11" methods="17" coveredmethods="17" elements="78" coveredelements="77" complexity="0" loc="49" ncloc="49" packages="1" files="4" classes="4"/>
    <file name="filesystem.js" path="/home/marilia/Proyectos/LIM010-fe-md-links/src/filesystem.js">
      <metrics statements="6" coveredstatements="6" conditionals="0" coveredconditionals="0" methods="5" coveredmethods="5"/>
      <line num="1" count="3" type="stmt"/>
      <line num="4" count="8" type="stmt"/>
      <line num="6" count="3" type="stmt"/>
      <line num="8" count="3" type="stmt"/>
      <line num="10" count="3" type="stmt"/>
      <line num="13" count="3" type="stmt"/>
    </file>
    <file name="markdown.js" path="/home/marilia/Proyectos/LIM010-fe-md-links/src/markdown.js">
      <metrics statements="23" coveredstatements="23" conditionals="6" coveredconditionals="5" methods="5" coveredmethods="5"/>
      <line num="10" count="2" type="stmt"/>
      <line num="11" count="7" type="stmt"/>
      <line num="12" count="7" type="stmt"/>
      <line num="13" count="7" type="cond" truecount="2" falsecount="0"/>
      <line num="15" count="5" type="cond" truecount="2" falsecount="0"/>
      <line num="16" count="3" type="stmt"/>
      <line num="18" count="2" type="cond" truecount="1" falsecount="1"/>
      <line num="19" count="2" type="stmt"/>
      <line num="20" count="2" type="stmt"/>
      <line num="21" count="4" type="stmt"/>
      <line num="22" count="4" type="stmt"/>
      <line num="23" count="4" type="stmt"/>
      <line num="26" count="7" type="stmt"/>
      <line num="28" count="2" type="stmt"/>
      <line num="29" count="2" type="stmt"/>
      <line num="30" count="2" type="stmt"/>
      <line num="31" count="2" type="stmt"/>
      <line num="32" count="2" type="stmt"/>
      <line num="34" count="2" type="stmt"/>
      <line num="36" count="2" type="stmt"/>
      <line num="37" count="6" type="stmt"/>
      <line num="39" count="2" type="stmt"/>
      <line num="41" count="2" type="stmt"/>
    </file>
    <file name="path.js" path="/home/marilia/Proyectos/LIM010-fe-md-links/src/path.js">
      <metrics statements="5" coveredstatements="5" conditionals="2" coveredconditionals="2" methods="2" coveredmethods="2"/>
      <line num="4" count="3" type="stmt"/>
      <line num="5" count="8" type="cond" truecount="2" falsecount="0"/>
      <line num="6" count="7" type="stmt"/>
      <line num="8" count="1" type="stmt"/>
      <line num="12" count="6" type="stmt"/>
    </file>
    <file name="validador.js" path="/home/marilia/Proyectos/LIM010-fe-md-links/src/validador.js">
      <metrics statements="15" coveredstatements="15" conditionals="4" coveredconditionals="4" methods="5" coveredmethods="5"/>
      <line num="4" count="1" type="stmt"/>
      <line num="5" count="1" type="stmt"/>
      <line num="6" count="3" type="stmt"/>
      <line num="7" count="3" type="stmt"/>
      <line num="8" count="3" type="stmt"/>
      <line num="10" count="2" type="cond" truecount="4" falsecount="0"/>
      <line num="11" count="1" type="stmt"/>
      <line num="12" count="1" type="stmt"/>
      <line num="14" count="1" type="stmt"/>
      <line num="15" count="1" type="stmt"/>
      <line num="17" count="2" type="stmt"/>
      <line num="20" count="1" type="stmt"/>
      <line num="21" count="1" type="stmt"/>
      <line num="22" count="1" type="stmt"/>
      <line num="25" count="1" type="stmt"/>
    </file>
  </project>
</coverage>
