{"/home/marilia/Proyectos/LIM010-fe-md-links/src/router.js": {"path":"/home/marilia/Proyectos/LIM010-fe-md-links/src/router.js","statementMap":{"0":{"start":{"line":2,"column":13},"end":{"line":2,"column":28}},"1":{"start":{"line":4,"column":28},"end":{"line":4,"column":56}},"2":{"start":{"line":4,"column":37},"end":{"line":4,"column":56}}},"fnMap":{"0":{"name":"(anonymous_0)","decl":{"start":{"line":4,"column":28},"end":{"line":4,"column":29}},"loc":{"start":{"line":4,"column":37},"end":{"line":4,"column":56}},"line":4}},"branchMap":{},"s":{"0":1,"1":1,"2":0},"f":{"0":0},"b":{},"_coverageSchema":"43e27e138ebf9cfc5966b082cf9a028302ed4184","hash":"3ce9f64a4acd535e37538ad981ff36f51e189d54"}
}
