TN:
SF:/home/marilia/Proyectos/LIM010-fe-md-links/src/filesystem.js
FN:4,(anonymous_0)
FN:6,(anonymous_1)
FN:8,(anonymous_2)
FN:10,(anonymous_3)
FN:13,(anonymous_4)
FNF:5
FNH:5
FNDA:8,(anonymous_0)
FNDA:3,(anonymous_1)
FNDA:3,(anonymous_2)
FNDA:3,(anonymous_3)
FNDA:1,(anonymous_4)
DA:1,3
DA:4,8
DA:6,3
DA:8,3
DA:10,3
DA:13,3
LF:6
LH:6
BRF:0
BRH:0
end_of_record
TN:
SF:/home/marilia/Proyectos/LIM010-fe-md-links/src/markdown.js
FN:10,(anonymous_0)
FN:20,(anonymous_1)
FN:28,(anonymous_2)
FN:31,(anonymous_3)
FN:36,(anonymous_4)
FNF:5
FNH:5
FNDA:7,(anonymous_0)
FNDA:4,(anonymous_1)
FNDA:2,(anonymous_2)
FNDA:2,(anonymous_3)
FNDA:6,(anonymous_4)
DA:10,2
DA:11,7
DA:12,7
DA:13,7
DA:15,5
DA:16,3
DA:18,2
DA:19,2
DA:20,2
DA:21,4
DA:22,4
DA:23,4
DA:26,7
DA:28,2
DA:29,2
DA:30,2
DA:31,2
DA:32,2
DA:34,2
DA:36,2
DA:37,6
DA:39,2
DA:41,2
LF:23
LH:23
BRDA:13,0,0,5
BRDA:13,0,1,2
BRDA:15,1,0,3
BRDA:15,1,1,2
BRDA:18,2,0,2
BRDA:18,2,1,0
BRF:6
BRH:5
end_of_record
TN:
SF:/home/marilia/Proyectos/LIM010-fe-md-links/src/path.js
FN:4,(anonymous_0)
FN:12,(anonymous_1)
FNF:2
FNH:2
FNDA:8,(anonymous_0)
FNDA:6,(anonymous_1)
DA:4,3
DA:5,8
DA:6,7
DA:8,1
DA:12,6
LF:5
LH:5
BRDA:5,0,0,7
BRDA:5,0,1,1
BRF:2
BRH:2
end_of_record
TN:
SF:/home/marilia/Proyectos/LIM010-fe-md-links/src/validador.js
FN:4,(anonymous_0)
FN:6,(anonymous_1)
FN:6,(anonymous_2)
FN:9,(anonymous_3)
FN:19,(anonymous_4)
FNF:5
FNH:5
FNDA:1,(anonymous_0)
FNDA:3,(anonymous_1)
FNDA:3,(anonymous_2)
FNDA:2,(anonymous_3)
FNDA:1,(anonymous_4)
DA:4,1
DA:5,1
DA:6,3
DA:7,3
DA:8,3
DA:10,2
DA:11,1
DA:12,1
DA:14,1
DA:15,1
DA:17,2
DA:20,1
DA:21,1
DA:22,1
DA:25,1
LF:15
LH:15
BRDA:10,0,0,1
BRDA:10,0,1,1
BRDA:10,1,0,2
BRDA:10,1,1,2
BRF:4
BRH:4
end_of_record
